Flow report for DE10_Standard_Audio
Thu Mar 20 16:02:46 2025
Quartus Prime Version 23.1std.1 Build 993 05/14/2024 SC Lite Edition


---------------------
; Table of Contents ;
---------------------
  1. Legal Notice
  2. Flow Summary
  3. Flow Settings
  4. Flow Non-Default Global Settings
  5. Flow Elapsed Time
  6. Flow OS Summary
  7. Flow Log
  8. Flow Messages
  9. Flow Suppressed Messages



----------------
; Legal Notice ;
----------------
Copyright (C) 2024  Intel Corporation. All rights reserved.
Your use of Intel Corporation's design tools, logic functions 
and other software and tools, and any partner logic 
functions, and any output files from any of the foregoing 
(including device programming or simulation files), and any 
associated documentation or information are expressly subject 
to the terms and conditions of the Intel Program License 
Subscription Agreement, the Intel Quartus Prime License Agreement,
the Intel FPGA IP License Agreement, or other applicable license
agreement, including, without limitation, that your use is for
the sole purpose of programming logic devices manufactured by
Intel and sold by Intel or its authorized distributors.  Please
refer to the applicable agreement for further details, at
https://fpgasoftware.intel.com/eula.



+----------------------------------------------------------------------------------+
; Flow Summary                                                                     ;
+---------------------------------+------------------------------------------------+
; Flow Status                     ; Successful - Thu Mar 20 16:02:31 2025          ;
; Quartus Prime Version           ; 23.1std.1 Build 993 05/14/2024 SC Lite Edition ;
; Revision Name                   ; DE10_Standard_Audio                            ;
; Top-level Entity Name           ; DE10_Standard_Audio                            ;
; Family                          ; Cyclone V                                      ;
; Device                          ; 5CSXFC6D6F31C6                                 ;
; Timing Models                   ; Final                                          ;
; Logic utilization (in ALMs)     ; 1,325 / 41,910 ( 3 % )                         ;
; Total registers                 ; 1913                                           ;
; Total pins                      ; 33 / 499 ( 7 % )                               ;
; Total virtual pins              ; 0                                              ;
; Total block memory bits         ; 2,203,632 / 5,662,720 ( 39 % )                 ;
; Total DSP Blocks                ; 0 / 112 ( 0 % )                                ;
; Total HSSI RX PCSs              ; 0 / 9 ( 0 % )                                  ;
; Total HSSI PMA RX Deserializers ; 0 / 9 ( 0 % )                                  ;
; Total HSSI TX PCSs              ; 0 / 9 ( 0 % )                                  ;
; Total HSSI PMA TX Serializers   ; 0 / 9 ( 0 % )                                  ;
; Total PLLs                      ; 1 / 15 ( 7 % )                                 ;
; Total DLLs                      ; 0 / 4 ( 0 % )                                  ;
+---------------------------------+------------------------------------------------+


+-----------------------------------------+
; Flow Settings                           ;
+-------------------+---------------------+
; Option            ; Setting             ;
+-------------------+---------------------+
; Start date & time ; 03/20/2025 15:59:20 ;
; Main task         ; Compilation         ;
; Revision Name     ; DE10_Standard_Audio ;
+-------------------+---------------------+


+--------------------------------------------------------------------------------------------------------------------------------------------------+
; Flow Non-Default Global Settings                                                                                                                 ;
+-------------------------------------+----------------------------------------------------------------+---------------+--------------+------------+
; Assignment Name                     ; Value                                                          ; Default Value ; Entity Name  ; Section Id ;
+-------------------------------------+----------------------------------------------------------------+---------------+--------------+------------+
; COMPILER_SIGNATURE_ID               ; 103507963701587.174246116020904                                ; --            ; --           ; --         ;
; MAX_CORE_JUNCTION_TEMP              ; 85                                                             ; --            ; --           ; --         ;
; MIN_CORE_JUNCTION_TEMP              ; 0                                                              ; --            ; --           ; --         ;
; MISC_FILE                           ; audio_system/synthesis/../audio_system.cmp                     ; --            ; --           ; --         ;
; MISC_FILE                           ; audio_system/synthesis/../../audio_system.qsys                 ; --            ; --           ; --         ;
; PARTITION_COLOR                     ; -- (Not supported for targeted family)                         ; --            ; --           ; Top        ;
; PARTITION_FITTER_PRESERVATION_LEVEL ; -- (Not supported for targeted family)                         ; --            ; --           ; Top        ;
; PARTITION_NETLIST_TYPE              ; -- (Not supported for targeted family)                         ; --            ; --           ; Top        ;
; POWER_BOARD_THERMAL_MODEL           ; None (CONSERVATIVE)                                            ; --            ; --           ; --         ;
; POWER_PRESET_COOLING_SOLUTION       ; 23 MM HEAT SINK WITH 200 LFPM AIRFLOW                          ; --            ; --           ; --         ;
; PROJECT_OUTPUT_DIRECTORY            ; output_files                                                   ; --            ; --           ; --         ;
; SLD_FILE                            ; audio_system/synthesis/audio_system.regmap                     ; --            ; --           ; --         ;
; SLD_FILE                            ; audio_system/synthesis/audio_system.debuginfo                  ; --            ; --           ; --         ;
; SLD_INFO                            ; QSYS_NAME audio_system HAS_SOPCINFO 1 GENERATION_ID 1742461093 ; --            ; audio_system ; --         ;
; SOPCINFO_FILE                       ; audio_system/synthesis/../../audio_system.sopcinfo             ; --            ; --           ; --         ;
; SYNTHESIS_ONLY_QIP                  ; On                                                             ; --            ; --           ; --         ;
+-------------------------------------+----------------------------------------------------------------+---------------+--------------+------------+


+--------------------------------------------------------------------------------------------------------------------------+
; Flow Elapsed Time                                                                                                        ;
+----------------------+--------------+-------------------------+---------------------+------------------------------------+
; Module Name          ; Elapsed Time ; Average Processors Used ; Peak Virtual Memory ; Total CPU Time (on all processors) ;
+----------------------+--------------+-------------------------+---------------------+------------------------------------+
; Analysis & Synthesis ; 00:00:46     ; 1.0                     ; 5221 MB             ; 00:01:14                           ;
; Fitter               ; 00:02:01     ; 1.2                     ; 6742 MB             ; 00:04:17                           ;
; Assembler            ; 00:00:12     ; 1.0                     ; 5280 MB             ; 00:00:12                           ;
; Timing Analyzer      ; 00:00:14     ; 2.0                     ; 5471 MB             ; 00:00:25                           ;
; Total                ; 00:03:13     ; --                      ; --                  ; 00:06:08                           ;
+----------------------+--------------+-------------------------+---------------------+------------------------------------+


+------------------------------------------------------------------------------------+
; Flow OS Summary                                                                    ;
+----------------------+------------------+------------+------------+----------------+
; Module Name          ; Machine Hostname ; OS Name    ; OS Version ; Processor type ;
+----------------------+------------------+------------+------------+----------------+
; Analysis & Synthesis ; BTDAT-GRAM       ; Windows 10 ; 10.0       ; x86_64         ;
; Fitter               ; BTDAT-GRAM       ; Windows 10 ; 10.0       ; x86_64         ;
; Assembler            ; BTDAT-GRAM       ; Windows 10 ; 10.0       ; x86_64         ;
; Timing Analyzer      ; BTDAT-GRAM       ; Windows 10 ; 10.0       ; x86_64         ;
+----------------------+------------------+------------+------------+----------------+


------------
; Flow Log ;
------------
quartus_map --read_settings_files=on --write_settings_files=off DE10_Standard_Audio -c DE10_Standard_Audio
quartus_fit --read_settings_files=off --write_settings_files=off DE10_Standard_Audio -c DE10_Standard_Audio
quartus_asm --read_settings_files=off --write_settings_files=off DE10_Standard_Audio -c DE10_Standard_Audio
quartus_sta DE10_Standard_Audio -c DE10_Standard_Audio



